<?xml version="1.0" encoding="utf-8" standalone="no"?>
<!--This file represents the results of running a test suite-->
<test-results name="D:\Users\a27a7wt\Documents\Visual Studio 2010\Projects\Interview\Interview\bin\Release\Interview.exe" total="19" errors="0" failures="0" not-run="0" inconclusive="0" ignored="0" skipped="0" invalid="0" date="2011-04-05" time="13:37:00">
  <environment nunit-version="2.5.9.10348" clr-version="4.0.30319.1" os-version="Microsoft Windows NT 6.1.7600.0" platform="Win32NT" cwd="D:\Users\a27a7wt\Documents\Visual Studio 2010\Projects\Interview\Interview\bin\Release" machine-name="T00690919" user="a27a7wt" user-domain="GEAEAVSYS" />
  <culture-info current-culture="en-US" current-uiculture="en-US" />
  <test-suite type="Assembly" name="D:\Users\a27a7wt\Documents\Visual Studio 2010\Projects\Interview\Interview\bin\Release\Interview.exe" executed="True" result="Success" success="True" time="0.164" asserts="0">
    <results>
      <test-suite type="Namespace" name="Interview" executed="True" result="Success" success="True" time="0.156" asserts="0">
        <results>
          <test-suite type="TestFixture" name="TestReportRequest" executed="True" result="Success" success="True" time="0.129" asserts="0">
            <results>
              <test-case name="Interview.TestReportRequest.TestCreatingReportRequestIncludingSubDirectories" executed="True" result="Success" success="True" time="0.014" asserts="1" />
              <test-case name="Interview.TestReportRequest.TestCreatingReportRequestWithoutIncludingSubDirectories" executed="True" result="Success" success="True" time="0.001" asserts="1" />
              <test-case name="Interview.TestReportRequest.TestFindingTargetIncludingSubDirectories" executed="True" result="Success" success="True" time="0.060" asserts="1" />
              <test-case name="Interview.TestReportRequest.TestFindingTargetWithoutSubDirectories" executed="True" result="Success" success="True" time="0.001" asserts="1" />
              <test-case name="Interview.TestReportRequest.TestGettingCorrectPathName" executed="True" result="Success" success="True" time="0.003" asserts="1" />
              <test-case name="Interview.TestReportRequest.TestGettingCorrectRootElement" executed="True" result="Success" success="True" time="0.002" asserts="1" />
              <test-case name="Interview.TestReportRequest.TestInvalidReportPath" executed="True" result="Success" success="True" time="0.004" asserts="0" />
              <test-case name="Interview.TestReportRequest.TestInvalidReportPathAndInvalidXMLPath" executed="True" result="Success" success="True" time="0.002" asserts="0" />
              <test-case name="Interview.TestReportRequest.TestLookingInInvalidXMLPath" executed="True" result="Success" success="True" time="0.001" asserts="0" />
              <test-case name="Interview.TestReportRequest.TestResultDataOfFirstElementOfResultsIncludingSubDirectories" executed="True" result="Success" success="True" time="0.003" asserts="1" />
              <test-case name="Interview.TestReportRequest.TestResultDataOfFirstElementOfResultsWithoutSubDirectories" executed="True" result="Success" success="True" time="0.001" asserts="1" />
              <test-case name="Interview.TestReportRequest.TestSearchingForNonExistantTarget" executed="True" result="Success" success="True" time="0.003" asserts="1" />
            </results>
          </test-suite>
          <test-suite type="TestFixture" name="TestResult" executed="True" result="Success" success="True" time="0.021" asserts="0">
            <results>
              <test-case name="Interview.TestResult.TestCreatingNewResultWithCount" executed="True" result="Success" success="True" time="0.000" asserts="3" />
              <test-case name="Interview.TestResult.TestCreatingNewResultWithNoCount" executed="True" result="Success" success="True" time="0.000" asserts="3" />
              <test-case name="Interview.TestResult.TestDecrementingCountByOne" executed="True" result="Success" success="True" time="0.001" asserts="3" />
              <test-case name="Interview.TestResult.TestDecrementingCountByThree" executed="True" result="Success" success="True" time="0.001" asserts="3" />
              <test-case name="Interview.TestResult.TestIncrementingAndDecrementingCount" executed="True" result="Success" success="True" time="0.000" asserts="3" />
              <test-case name="Interview.TestResult.TestIncrementingCountByOne" executed="True" result="Success" success="True" time="0.000" asserts="3" />
              <test-case name="Interview.TestResult.TestIncrementingCountByThree" executed="True" result="Success" success="True" time="0.001" asserts="3" />
            </results>
          </test-suite>
        </results>
      </test-suite>
    </results>
  </test-suite>
</test-results>